<?xml version="1.0" encoding="UTF-8"?>
<testsuite xmlns:xsi="http://www.w3.org/2001/XMLSchema-instance" xsi:noNamespaceSchemaLocation="https://maven.apache.org/surefire/maven-surefire-plugin/xsd/surefire-test-report.xsd" name="com.gs.DateUtilTest" time="0.146" tests="1" errors="0" skipped="0" failures="0">
  <properties>
    <property name="gopherProxySet" value="false"/>
    <property name="awt.toolkit" value="sun.lwawt.macosx.LWCToolkit"/>
    <property name="file.encoding.pkg" value="sun.io"/>
    <property name="java.specification.version" value="1.8"/>
    <property name="sun.cpu.isalist" value=""/>
    <property name="sun.jnu.encoding" value="UTF-8"/>
    <property name="java.class.path" value="/Users/garrywright/gsnars/gsnars/sqldatefunctions/target/test-classes:/Users/garrywright/gsnars/gsnars/sqldatefunctions/target/classes:/Users/garrywright/.m2/repository/org/gigaspaces/xap-openspaces/14.0.1/xap-openspaces-14.0.1.jar:/Users/garrywright/.m2/repository/org/gigaspaces/xap-datagrid/14.0.1/xap-datagrid-14.0.1.jar:/Users/garrywright/.m2/repository/org/gigaspaces/xap-common/14.0.1/xap-common-14.0.1.jar:/Users/garrywright/.m2/repository/org/gigaspaces/xap-asm/14.0.1/xap-asm-14.0.1.jar:/Users/garrywright/.m2/repository/org/gigaspaces/xap-trove/14.0.1/xap-trove-14.0.1.jar:/Users/garrywright/.m2/repository/org/gigaspaces/xap-jms/14.0.1/xap-jms-14.0.1.jar:/Users/garrywright/.m2/repository/javax/jms/jms/1.1/jms-1.1.jar:/Users/garrywright/.m2/repository/org/ow2/jotm/jotm-core/2.1.1/jotm-core-2.1.1.jar:/Users/garrywright/.m2/repository/org/ow2/carol/carol/3.0-RC7/carol-3.0-RC7.jar:/Users/garrywright/.m2/repository/org/ow2/carol/irmi/irmi/1.1.1/irmi-1.1.1.jar:/Users/garrywright/.m2/repository/commons-collections/commons-collections/3.2/commons-collections-3.2.jar:/Users/garrywright/.m2/repository/org/jacorb/jacorb/2.2.3-jonas-patch-20071018/jacorb-2.2.3-jonas-patch-20071018.jar:/Users/garrywright/.m2/repository/avalon-framework/avalon-framework/4.1.5/avalon-framework-4.1.5.jar:/Users/garrywright/.m2/repository/org/jacorb/jacorb-idl/2.2.3-jonas-patch-20071018/jacorb-idl-2.2.3-jonas-patch-20071018.jar:/Users/garrywright/.m2/repository/logkit/logkit/1.2/logkit-1.2.jar:/Users/garrywright/.m2/repository/commons-logging/commons-logging-api/1.1/commons-logging-api-1.1.jar:/Users/garrywright/.m2/repository/org/objectweb/howl/howl/1.0.1-1/howl-1.0.1-1.jar:/Users/garrywright/.m2/repository/org/hibernate/hibernate-core/4.1.9.Final/hibernate-core-4.1.9.Final.jar:/Users/garrywright/.m2/repository/antlr/antlr/2.7.7/antlr-2.7.7.jar:/Users/garrywright/.m2/repository/org/jboss/logging/jboss-logging/3.1.0.GA/jboss-logging-3.1.0.GA.jar:/Users/garrywright/.m2/repository/org/javassist/javassist/3.17.1-GA/javassist-3.17.1-GA.jar:/Users/garrywright/.m2/repository/org/jboss/spec/javax/transaction/jboss-transaction-api_1.1_spec/1.0.0.Final/jboss-transaction-api_1.1_spec-1.0.0.Final.jar:/Users/garrywright/.m2/repository/dom4j/dom4j/1.6.1/dom4j-1.6.1.jar:/Users/garrywright/.m2/repository/org/hibernate/javax/persistence/hibernate-jpa-2.0-api/1.0.1.Final/hibernate-jpa-2.0-api-1.0.1.Final.jar:/Users/garrywright/.m2/repository/org/hibernate/common/hibernate-commons-annotations/4.0.1.Final/hibernate-commons-annotations-4.0.1.Final.jar:/Users/garrywright/.m2/repository/org/aopalliance/com.springsource.org.aopalliance/1.0.0/com.springsource.org.aopalliance-1.0.0.jar:/Users/garrywright/.m2/repository/org/springframework/spring-aop/4.3.19.RELEASE/spring-aop-4.3.19.RELEASE.jar:/Users/garrywright/.m2/repository/org/springframework/spring-beans/4.3.19.RELEASE/spring-beans-4.3.19.RELEASE.jar:/Users/garrywright/.m2/repository/org/springframework/spring-context/4.3.19.RELEASE/spring-context-4.3.19.RELEASE.jar:/Users/garrywright/.m2/repository/org/springframework/spring-expression/4.3.19.RELEASE/spring-expression-4.3.19.RELEASE.jar:/Users/garrywright/.m2/repository/org/springframework/spring-core/4.3.19.RELEASE/spring-core-4.3.19.RELEASE.jar:/Users/garrywright/.m2/repository/commons-logging/commons-logging/1.2/commons-logging-1.2.jar:/Users/garrywright/.m2/repository/org/springframework/spring-tx/4.3.19.RELEASE/spring-tx-4.3.19.RELEASE.jar:/Users/garrywright/.m2/repository/org/springframework/spring-jdbc/4.3.19.RELEASE/spring-jdbc-4.3.19.RELEASE.jar:/Users/garrywright/.m2/repository/org/springframework/spring-orm/4.3.19.RELEASE/spring-orm-4.3.19.RELEASE.jar:/Users/garrywright/.m2/repository/org/springframework/spring-web/4.3.19.RELEASE/spring-web-4.3.19.RELEASE.jar:/Users/garrywright/.m2/repository/org/springframework/security/spring-security-core/4.2.8.RELEASE/spring-security-core-4.2.8.RELEASE.jar:/Users/garrywright/.m2/repository/aopalliance/aopalliance/1.0/aopalliance-1.0.jar:/Users/garrywright/.m2/repository/org/springframework/security/spring-security-web/4.2.8.RELEASE/spring-security-web-4.2.8.RELEASE.jar:/Users/garrywright/.m2/repository/org/springframework/security/spring-security-config/4.2.8.RELEASE/spring-security-config-4.2.8.RELEASE.jar:/Users/garrywright/.m2/repository/org/jboss/jbossts/jbossjta/4.16.6.Final/jbossjta-4.16.6.Final.jar:/Users/garrywright/.m2/repository/org/jboss/spec/javax/servlet/jboss-servlet-api_3.0_spec/1.0.2.Final/jboss-servlet-api_3.0_spec-1.0.2.Final.jar:/Users/garrywright/.m2/repository/org/hsqldb/hsqldb/2.3.2/hsqldb-2.3.2.jar:/Users/garrywright/.m2/repository/org/apache/geronimo/specs/geronimo-j2ee-connector_1.5_spec/1.1/geronimo-j2ee-connector_1.5_spec-1.1.jar:/Users/garrywright/.m2/repository/com/atomikos/transactions-jta/3.8.0/transactions-jta-3.8.0.jar:/Users/garrywright/.m2/repository/com/atomikos/transactions/3.8.0/transactions-3.8.0.jar:/Users/garrywright/.m2/repository/com/atomikos/transactions-api/3.8.0/transactions-api-3.8.0.jar:/Users/garrywright/.m2/repository/com/atomikos/atomikos-util/3.8.0/atomikos-util-3.8.0.jar:/Users/garrywright/.m2/repository/org/mockito/mockito-all/1.10.19/mockito-all-1.10.19.jar:/Users/garrywright/.m2/repository/commons-lang/commons-lang/2.6/commons-lang-2.6.jar:/Users/garrywright/.m2/repository/junit/junit/4.12/junit-4.12.jar:/Users/garrywright/.m2/repository/org/hamcrest/hamcrest-core/1.3/hamcrest-core-1.3.jar:/Users/garrywright/.m2/repository/org/mockito/mockito-core/1.10.19/mockito-core-1.10.19.jar:/Users/garrywright/.m2/repository/org/objenesis/objenesis/2.1/objenesis-2.1.jar:/Users/garrywright/.m2/repository/org/slf4j/slf4j-simple/1.7.25/slf4j-simple-1.7.25.jar:/Users/garrywright/.m2/repository/org/slf4j/slf4j-api/1.7.25/slf4j-api-1.7.25.jar:/Users/garrywright/.m2/repository/org/codehaus/groovy/groovy-all/2.4.13/groovy-all-2.4.13.jar:"/>
    <property name="java.vm.vendor" value="Oracle Corporation"/>
    <property name="sun.arch.data.model" value="64"/>
    <property name="java.vendor.url" value="http://java.oracle.com/"/>
    <property name="user.timezone" value=""/>
    <property name="java.vm.specification.version" value="1.8"/>
    <property name="os.name" value="Mac OS X"/>
    <property name="user.country" value="US"/>
    <property name="sun.java.launcher" value="SUN_STANDARD"/>
    <property name="sun.boot.library.path" value="/Library/Java/JavaVirtualMachines/jdk1.8.0_202.jdk/Contents/Home/jre/lib"/>
    <property name="sun.java.command" value="/Users/garrywright/gsnars/gsnars/sqldatefunctions/target/surefire/surefirebooter4446622100555425765.jar /Users/garrywright/gsnars/gsnars/sqldatefunctions/target/surefire 2019-03-21T13-45-42_737-jvmRun1 surefire4298486143933554176tmp surefire_05236745333217823415tmp"/>
    <property name="http.nonProxyHosts" value="local|*.local|169.254/16|*.169.254/16"/>
    <property name="surefire.test.class.path" value="/Users/garrywright/gsnars/gsnars/sqldatefunctions/target/test-classes:/Users/garrywright/gsnars/gsnars/sqldatefunctions/target/classes:/Users/garrywright/.m2/repository/org/gigaspaces/xap-openspaces/14.0.1/xap-openspaces-14.0.1.jar:/Users/garrywright/.m2/repository/org/gigaspaces/xap-datagrid/14.0.1/xap-datagrid-14.0.1.jar:/Users/garrywright/.m2/repository/org/gigaspaces/xap-common/14.0.1/xap-common-14.0.1.jar:/Users/garrywright/.m2/repository/org/gigaspaces/xap-asm/14.0.1/xap-asm-14.0.1.jar:/Users/garrywright/.m2/repository/org/gigaspaces/xap-trove/14.0.1/xap-trove-14.0.1.jar:/Users/garrywright/.m2/repository/org/gigaspaces/xap-jms/14.0.1/xap-jms-14.0.1.jar:/Users/garrywright/.m2/repository/javax/jms/jms/1.1/jms-1.1.jar:/Users/garrywright/.m2/repository/org/ow2/jotm/jotm-core/2.1.1/jotm-core-2.1.1.jar:/Users/garrywright/.m2/repository/org/ow2/carol/carol/3.0-RC7/carol-3.0-RC7.jar:/Users/garrywright/.m2/repository/org/ow2/carol/irmi/irmi/1.1.1/irmi-1.1.1.jar:/Users/garrywright/.m2/repository/commons-collections/commons-collections/3.2/commons-collections-3.2.jar:/Users/garrywright/.m2/repository/org/jacorb/jacorb/2.2.3-jonas-patch-20071018/jacorb-2.2.3-jonas-patch-20071018.jar:/Users/garrywright/.m2/repository/avalon-framework/avalon-framework/4.1.5/avalon-framework-4.1.5.jar:/Users/garrywright/.m2/repository/org/jacorb/jacorb-idl/2.2.3-jonas-patch-20071018/jacorb-idl-2.2.3-jonas-patch-20071018.jar:/Users/garrywright/.m2/repository/logkit/logkit/1.2/logkit-1.2.jar:/Users/garrywright/.m2/repository/commons-logging/commons-logging-api/1.1/commons-logging-api-1.1.jar:/Users/garrywright/.m2/repository/org/objectweb/howl/howl/1.0.1-1/howl-1.0.1-1.jar:/Users/garrywright/.m2/repository/org/hibernate/hibernate-core/4.1.9.Final/hibernate-core-4.1.9.Final.jar:/Users/garrywright/.m2/repository/antlr/antlr/2.7.7/antlr-2.7.7.jar:/Users/garrywright/.m2/repository/org/jboss/logging/jboss-logging/3.1.0.GA/jboss-logging-3.1.0.GA.jar:/Users/garrywright/.m2/repository/org/javassist/javassist/3.17.1-GA/javassist-3.17.1-GA.jar:/Users/garrywright/.m2/repository/org/jboss/spec/javax/transaction/jboss-transaction-api_1.1_spec/1.0.0.Final/jboss-transaction-api_1.1_spec-1.0.0.Final.jar:/Users/garrywright/.m2/repository/dom4j/dom4j/1.6.1/dom4j-1.6.1.jar:/Users/garrywright/.m2/repository/org/hibernate/javax/persistence/hibernate-jpa-2.0-api/1.0.1.Final/hibernate-jpa-2.0-api-1.0.1.Final.jar:/Users/garrywright/.m2/repository/org/hibernate/common/hibernate-commons-annotations/4.0.1.Final/hibernate-commons-annotations-4.0.1.Final.jar:/Users/garrywright/.m2/repository/org/aopalliance/com.springsource.org.aopalliance/1.0.0/com.springsource.org.aopalliance-1.0.0.jar:/Users/garrywright/.m2/repository/org/springframework/spring-aop/4.3.19.RELEASE/spring-aop-4.3.19.RELEASE.jar:/Users/garrywright/.m2/repository/org/springframework/spring-beans/4.3.19.RELEASE/spring-beans-4.3.19.RELEASE.jar:/Users/garrywright/.m2/repository/org/springframework/spring-context/4.3.19.RELEASE/spring-context-4.3.19.RELEASE.jar:/Users/garrywright/.m2/repository/org/springframework/spring-expression/4.3.19.RELEASE/spring-expression-4.3.19.RELEASE.jar:/Users/garrywright/.m2/repository/org/springframework/spring-core/4.3.19.RELEASE/spring-core-4.3.19.RELEASE.jar:/Users/garrywright/.m2/repository/commons-logging/commons-logging/1.2/commons-logging-1.2.jar:/Users/garrywright/.m2/repository/org/springframework/spring-tx/4.3.19.RELEASE/spring-tx-4.3.19.RELEASE.jar:/Users/garrywright/.m2/repository/org/springframework/spring-jdbc/4.3.19.RELEASE/spring-jdbc-4.3.19.RELEASE.jar:/Users/garrywright/.m2/repository/org/springframework/spring-orm/4.3.19.RELEASE/spring-orm-4.3.19.RELEASE.jar:/Users/garrywright/.m2/repository/org/springframework/spring-web/4.3.19.RELEASE/spring-web-4.3.19.RELEASE.jar:/Users/garrywright/.m2/repository/org/springframework/security/spring-security-core/4.2.8.RELEASE/spring-security-core-4.2.8.RELEASE.jar:/Users/garrywright/.m2/repository/aopalliance/aopalliance/1.0/aopalliance-1.0.jar:/Users/garrywright/.m2/repository/org/springframework/security/spring-security-web/4.2.8.RELEASE/spring-security-web-4.2.8.RELEASE.jar:/Users/garrywright/.m2/repository/org/springframework/security/spring-security-config/4.2.8.RELEASE/spring-security-config-4.2.8.RELEASE.jar:/Users/garrywright/.m2/repository/org/jboss/jbossts/jbossjta/4.16.6.Final/jbossjta-4.16.6.Final.jar:/Users/garrywright/.m2/repository/org/jboss/spec/javax/servlet/jboss-servlet-api_3.0_spec/1.0.2.Final/jboss-servlet-api_3.0_spec-1.0.2.Final.jar:/Users/garrywright/.m2/repository/org/hsqldb/hsqldb/2.3.2/hsqldb-2.3.2.jar:/Users/garrywright/.m2/repository/org/apache/geronimo/specs/geronimo-j2ee-connector_1.5_spec/1.1/geronimo-j2ee-connector_1.5_spec-1.1.jar:/Users/garrywright/.m2/repository/com/atomikos/transactions-jta/3.8.0/transactions-jta-3.8.0.jar:/Users/garrywright/.m2/repository/com/atomikos/transactions/3.8.0/transactions-3.8.0.jar:/Users/garrywright/.m2/repository/com/atomikos/transactions-api/3.8.0/transactions-api-3.8.0.jar:/Users/garrywright/.m2/repository/com/atomikos/atomikos-util/3.8.0/atomikos-util-3.8.0.jar:/Users/garrywright/.m2/repository/org/mockito/mockito-all/1.10.19/mockito-all-1.10.19.jar:/Users/garrywright/.m2/repository/commons-lang/commons-lang/2.6/commons-lang-2.6.jar:/Users/garrywright/.m2/repository/junit/junit/4.12/junit-4.12.jar:/Users/garrywright/.m2/repository/org/hamcrest/hamcrest-core/1.3/hamcrest-core-1.3.jar:/Users/garrywright/.m2/repository/org/mockito/mockito-core/1.10.19/mockito-core-1.10.19.jar:/Users/garrywright/.m2/repository/org/objenesis/objenesis/2.1/objenesis-2.1.jar:/Users/garrywright/.m2/repository/org/slf4j/slf4j-simple/1.7.25/slf4j-simple-1.7.25.jar:/Users/garrywright/.m2/repository/org/slf4j/slf4j-api/1.7.25/slf4j-api-1.7.25.jar:/Users/garrywright/.m2/repository/org/codehaus/groovy/groovy-all/2.4.13/groovy-all-2.4.13.jar:"/>
    <property name="sun.cpu.endian" value="little"/>
    <property name="user.home" value="/Users/garrywright"/>
    <property name="user.language" value="en"/>
    <property name="java.specification.vendor" value="Oracle Corporation"/>
    <property name="java.home" value="/Library/Java/JavaVirtualMachines/jdk1.8.0_202.jdk/Contents/Home/jre"/>
    <property name="basedir" value="/Users/garrywright/gsnars/gsnars/sqldatefunctions"/>
    <property name="file.separator" value="/"/>
    <property name="line.separator" value="&#10;"/>
    <property name="java.vm.specification.vendor" value="Oracle Corporation"/>
    <property name="java.specification.name" value="Java Platform API Specification"/>
    <property name="java.awt.graphicsenv" value="sun.awt.CGraphicsEnvironment"/>
    <property name="java.awt.headless" value="true"/>
    <property name="surefire.real.class.path" value="/Users/garrywright/gsnars/gsnars/sqldatefunctions/target/surefire/surefirebooter4446622100555425765.jar"/>
    <property name="sun.boot.class.path" value="/Library/Java/JavaVirtualMachines/jdk1.8.0_202.jdk/Contents/Home/jre/lib/resources.jar:/Library/Java/JavaVirtualMachines/jdk1.8.0_202.jdk/Contents/Home/jre/lib/rt.jar:/Library/Java/JavaVirtualMachines/jdk1.8.0_202.jdk/Contents/Home/jre/lib/sunrsasign.jar:/Library/Java/JavaVirtualMachines/jdk1.8.0_202.jdk/Contents/Home/jre/lib/jsse.jar:/Library/Java/JavaVirtualMachines/jdk1.8.0_202.jdk/Contents/Home/jre/lib/jce.jar:/Library/Java/JavaVirtualMachines/jdk1.8.0_202.jdk/Contents/Home/jre/lib/charsets.jar:/Library/Java/JavaVirtualMachines/jdk1.8.0_202.jdk/Contents/Home/jre/lib/jfr.jar:/Library/Java/JavaVirtualMachines/jdk1.8.0_202.jdk/Contents/Home/jre/classes"/>
    <property name="sun.management.compiler" value="HotSpot 64-Bit Tiered Compilers"/>
    <property name="ftp.nonProxyHosts" value="local|*.local|169.254/16|*.169.254/16"/>
    <property name="java.runtime.version" value="1.8.0_202-b08"/>
    <property name="java.net.preferIPv4Stack" value="true"/>
    <property name="user.name" value="garrywright"/>
    <property name="path.separator" value=":"/>
    <property name="os.version" value="10.14.3"/>
    <property name="java.endorsed.dirs" value="/Library/Java/JavaVirtualMachines/jdk1.8.0_202.jdk/Contents/Home/jre/lib/endorsed"/>
    <property name="java.runtime.name" value="Java(TM) SE Runtime Environment"/>
    <property name="file.encoding" value="UTF-8"/>
    <property name="java.vm.name" value="Java HotSpot(TM) 64-Bit Server VM"/>
    <property name="localRepository" value="/Users/garrywright/.m2/repository"/>
    <property name="java.vendor.url.bug" value="http://bugreport.sun.com/bugreport/"/>
    <property name="java.io.tmpdir" value="/var/folders/48/0lb_hqqn29l4cdm5zh4v_f4w0000gn/T/"/>
    <property name="java.version" value="1.8.0_202"/>
    <property name="user.dir" value="/Users/garrywright/gsnars/gsnars/sqldatefunctions"/>
    <property name="os.arch" value="x86_64"/>
    <property name="java.vm.specification.name" value="Java Virtual Machine Specification"/>
    <property name="java.awt.printerjob" value="sun.lwawt.macosx.CPrinterJob"/>
    <property name="sun.os.patch.level" value="unknown"/>
    <property name="java.library.path" value="/Users/garrywright/Library/Java/Extensions:/Library/Java/Extensions:/Network/Library/Java/Extensions:/System/Library/Java/Extensions:/usr/lib/java:."/>
    <property name="java.vm.info" value="mixed mode"/>
    <property name="java.vendor" value="Oracle Corporation"/>
    <property name="java.vm.version" value="25.202-b08"/>
    <property name="java.ext.dirs" value="/Users/garrywright/Library/Java/Extensions:/Library/Java/JavaVirtualMachines/jdk1.8.0_202.jdk/Contents/Home/jre/lib/ext:/Library/Java/Extensions:/Network/Library/Java/Extensions:/System/Library/Java/Extensions:/usr/lib/java"/>
    <property name="sun.io.unicode.encoding" value="UnicodeBig"/>
    <property name="java.class.version" value="52.0"/>
    <property name="socksNonProxyHosts" value="local|*.local|169.254/16|*.169.254/16"/>
  </properties>
  <testcase name="testIt" classname="com.gs.DateUtilTest" time="0.049"/>
</testsuite>